Traceback (most recent call last):
  File "/usr/local/lib/python3.10/dist-packages/jupyter_cache/executors/utils.py", line 58, in single_nb_execution
    executenb(
  File "/usr/local/lib/python3.10/dist-packages/nbclient/client.py", line 1305, in execute
    return NotebookClient(nb=nb, resources=resources, km=km, **kwargs).execute()
  File "/usr/local/lib/python3.10/dist-packages/jupyter_core/utils/__init__.py", line 166, in wrapped
    return loop.run_until_complete(inner)
  File "/usr/lib/python3.10/asyncio/base_events.py", line 649, in run_until_complete
    return future.result()
  File "/usr/local/lib/python3.10/dist-packages/nbclient/client.py", line 705, in async_execute
    await self.async_execute_cell(
  File "/usr/local/lib/python3.10/dist-packages/nbclient/client.py", line 1058, in async_execute_cell
    await self._check_raise_for_error(cell, cell_index, exec_reply)
  File "/usr/local/lib/python3.10/dist-packages/nbclient/client.py", line 914, in _check_raise_for_error
    raise CellExecutionError.from_cell_and_msg(cell, exec_reply_content)
nbclient.exceptions.CellExecutionError: An error occurred while executing the following cell:
------------------
%matplotlib ipympl
import matplotlib.pyplot as plt
import numpy as np

fig, ax = plt.subplots()


x = np.linspace(0, 2*np.pi, 100)
y = np.sin(3*x)
ax.plot(x, y)

------------------


[0;31m[0m
[0;31mModuleNotFoundError[0mTraceback (most recent call last)
[0;32m<ipython-input-4-09890283886f>[0m in [0;36m<cell line: 1>[0;34m()[0m
[0;32m----> 1[0;31m [0mget_ipython[0m[0;34m([0m[0;34m)[0m[0;34m.[0m[0mrun_line_magic[0m[0;34m([0m[0;34m'matplotlib'[0m[0;34m,[0m [0;34m'ipympl'[0m[0;34m)[0m[0;34m[0m[0;34m[0m[0m
[0m[1;32m      2[0m [0;32mimport[0m [0mmatplotlib[0m[0;34m.[0m[0mpyplot[0m [0;32mas[0m [0mplt[0m[0;34m[0m[0;34m[0m[0m
[1;32m      3[0m [0;32mimport[0m [0mnumpy[0m [0;32mas[0m [0mnp[0m[0;34m[0m[0;34m[0m[0m
[1;32m      4[0m [0;34m[0m[0m
[1;32m      5[0m [0mfig[0m[0;34m,[0m [0max[0m [0;34m=[0m [0mplt[0m[0;34m.[0m[0msubplots[0m[0;34m([0m[0;34m)[0m[0;34m[0m[0;34m[0m[0m

[0;32m/usr/local/lib/python3.10/dist-packages/IPython/core/interactiveshell.py[0m in [0;36mrun_line_magic[0;34m(self, magic_name, line, _stack_depth)[0m
[1;32m   2416[0m                 [0mkwargs[0m[0;34m[[0m[0;34m'local_ns'[0m[0;34m][0m [0;34m=[0m [0mself[0m[0;34m.[0m[0mget_local_scope[0m[0;34m([0m[0mstack_depth[0m[0;34m)[0m[0;34m[0m[0;34m[0m[0m
[1;32m   2417[0m             [0;32mwith[0m [0mself[0m[0;34m.[0m[0mbuiltin_trap[0m[0;34m:[0m[0;34m[0m[0;34m[0m[0m
[0;32m-> 2418[0;31m                 [0mresult[0m [0;34m=[0m [0mfn[0m[0;34m([0m[0;34m*[0m[0margs[0m[0;34m,[0m [0;34m**[0m[0mkwargs[0m[0;34m)[0m[0;34m[0m[0;34m[0m[0m
[0m[1;32m   2419[0m             [0;32mreturn[0m [0mresult[0m[0;34m[0m[0;34m[0m[0m
[1;32m   2420[0m [0;34m[0m[0m

[0;32m<decorator-gen-101>[0m in [0;36mmatplotlib[0;34m(self, line)[0m

[0;32m/usr/local/lib/python3.10/dist-packages/IPython/core/magic.py[0m in [0;36m<lambda>[0;34m(f, *a, **k)[0m
[1;32m    185[0m     [0;31m# but it's overkill for just that one bit of state.[0m[0;34m[0m[0;34m[0m[0m
[1;32m    186[0m     [0;32mdef[0m [0mmagic_deco[0m[0;34m([0m[0marg[0m[0;34m)[0m[0;34m:[0m[0;34m[0m[0;34m[0m[0m
[0;32m--> 187[0;31m         [0mcall[0m [0;34m=[0m [0;32mlambda[0m [0mf[0m[0;34m,[0m [0;34m*[0m[0ma[0m[0;34m,[0m [0;34m**[0m[0mk[0m[0;34m:[0m [0mf[0m[0;34m([0m[0;34m*[0m[0ma[0m[0;34m,[0m [0;34m**[0m[0mk[0m[0;34m)[0m[0;34m[0m[0;34m[0m[0m
[0m[1;32m    188[0m [0;34m[0m[0m
[1;32m    189[0m         [0;32mif[0m [0mcallable[0m[0;34m([0m[0marg[0m[0;34m)[0m[0;34m:[0m[0;34m[0m[0;34m[0m[0m

[0;32m/usr/local/lib/python3.10/dist-packages/IPython/core/magics/pylab.py[0m in [0;36mmatplotlib[0;34m(self, line)[0m
[1;32m     97[0m             [0mprint[0m[0;34m([0m[0;34m"Available matplotlib backends: %s"[0m [0;34m%[0m [0mbackends_list[0m[0;34m)[0m[0;34m[0m[0;34m[0m[0m
[1;32m     98[0m         [0;32melse[0m[0;34m:[0m[0;34m[0m[0;34m[0m[0m
[0;32m---> 99[0;31m             [0mgui[0m[0;34m,[0m [0mbackend[0m [0;34m=[0m [0mself[0m[0;34m.[0m[0mshell[0m[0;34m.[0m[0menable_matplotlib[0m[0;34m([0m[0margs[0m[0;34m.[0m[0mgui[0m[0;34m.[0m[0mlower[0m[0;34m([0m[0;34m)[0m [0;32mif[0m [0misinstance[0m[0;34m([0m[0margs[0m[0;34m.[0m[0mgui[0m[0;34m,[0m [0mstr[0m[0;34m)[0m [0;32melse[0m [0margs[0m[0;34m.[0m[0mgui[0m[0;34m)[0m[0;34m[0m[0;34m[0m[0m
[0m[1;32m    100[0m             [0mself[0m[0;34m.[0m[0m_show_matplotlib_backend[0m[0;34m([0m[0margs[0m[0;34m.[0m[0mgui[0m[0;34m,[0m [0mbackend[0m[0;34m)[0m[0;34m[0m[0;34m[0m[0m
[1;32m    101[0m [0;34m[0m[0m

[0;32m/usr/local/lib/python3.10/dist-packages/ipykernel/zmqshell.py[0m in [0;36menable_matplotlib[0;34m(self, gui)[0m
[1;32m    599[0m [0;34m[0m[0m
[1;32m    600[0m     [0;32mdef[0m [0menable_matplotlib[0m[0;34m([0m[0mself[0m[0;34m,[0m [0mgui[0m[0;34m=[0m[0;32mNone[0m[0;34m)[0m[0;34m:[0m[0;34m[0m[0;34m[0m[0m
[0;32m--> 601[0;31m         [0mgui[0m[0;34m,[0m [0mbackend[0m [0;34m=[0m [0msuper[0m[0;34m([0m[0mZMQInteractiveShell[0m[0;34m,[0m [0mself[0m[0;34m)[0m[0;34m.[0m[0menable_matplotlib[0m[0;34m([0m[0mgui[0m[0;34m)[0m[0;34m[0m[0;34m[0m[0m
[0m[1;32m    602[0m [0;34m[0m[0m
[1;32m    603[0m         [0;32mtry[0m[0;34m:[0m[0;34m[0m[0;34m[0m[0m

[0;32m/usr/local/lib/python3.10/dist-packages/IPython/core/interactiveshell.py[0m in [0;36menable_matplotlib[0;34m(self, gui)[0m
[1;32m   3645[0m                 [0mgui[0m[0;34m,[0m [0mbackend[0m [0;34m=[0m [0mpt[0m[0;34m.[0m[0mfind_gui_and_backend[0m[0;34m([0m[0mself[0m[0;34m.[0m[0mpylab_gui_select[0m[0;34m)[0m[0;34m[0m[0;34m[0m[0m
[1;32m   3646[0m [0;34m[0m[0m
[0;32m-> 3647[0;31m         [0mpt[0m[0;34m.[0m[0mactivate_matplotlib[0m[0;34m([0m[0mbackend[0m[0;34m)[0m[0;34m[0m[0;34m[0m[0m
[0m[1;32m   3648[0m         [0mconfigure_inline_support[0m[0;34m([0m[0mself[0m[0;34m,[0m [0mbackend[0m[0;34m)[0m[0;34m[0m[0;34m[0m[0m
[1;32m   3649[0m [0;34m[0m[0m

[0;32m/usr/local/lib/python3.10/dist-packages/IPython/core/pylabtools.py[0m in [0;36mactivate_matplotlib[0;34m(backend)[0m
[1;32m    357[0m     [0;32mfrom[0m [0mmatplotlib[0m [0;32mimport[0m [0mpyplot[0m [0;32mas[0m [0mplt[0m[0;34m[0m[0;34m[0m[0m
[1;32m    358[0m [0;34m[0m[0m
[0;32m--> 359[0;31m     [0mplt[0m[0;34m.[0m[0mswitch_backend[0m[0;34m([0m[0mbackend[0m[0;34m)[0m[0;34m[0m[0;34m[0m[0m
[0m[1;32m    360[0m [0;34m[0m[0m
[1;32m    361[0m     [0mplt[0m[0;34m.[0m[0mshow[0m[0;34m.[0m[0m_needmain[0m [0;34m=[0m [0;32mFalse[0m[0;34m[0m[0;34m[0m[0m

[0;32m/usr/local/lib/python3.10/dist-packages/matplotlib/pyplot.py[0m in [0;36mswitch_backend[0;34m(newbackend)[0m
[1;32m    269[0m     [0mold_backend[0m [0;34m=[0m [0mdict[0m[0;34m.[0m[0m__getitem__[0m[0;34m([0m[0mrcParams[0m[0;34m,[0m [0;34m'backend'[0m[0;34m)[0m[0;34m[0m[0;34m[0m[0m
[1;32m    270[0m [0;34m[0m[0m
[0;32m--> 271[0;31m     backend_mod = importlib.import_module(
[0m[1;32m    272[0m         cbook._backend_module_name(newbackend))
[1;32m    273[0m [0;34m[0m[0m

[0;32m/usr/lib/python3.10/importlib/__init__.py[0m in [0;36mimport_module[0;34m(name, package)[0m
[1;32m    124[0m                 [0;32mbreak[0m[0;34m[0m[0;34m[0m[0m
[1;32m    125[0m             [0mlevel[0m [0;34m+=[0m [0;36m1[0m[0;34m[0m[0;34m[0m[0m
[0;32m--> 126[0;31m     [0;32mreturn[0m [0m_bootstrap[0m[0;34m.[0m[0m_gcd_import[0m[0;34m([0m[0mname[0m[0;34m[[0m[0mlevel[0m[0;34m:[0m[0;34m][0m[0;34m,[0m [0mpackage[0m[0;34m,[0m [0mlevel[0m[0;34m)[0m[0;34m[0m[0;34m[0m[0m
[0m[1;32m    127[0m [0;34m[0m[0m
[1;32m    128[0m [0;34m[0m[0m

[0;32m/usr/lib/python3.10/importlib/_bootstrap.py[0m in [0;36m_gcd_import[0;34m(name, package, level)[0m

[0;32m/usr/lib/python3.10/importlib/_bootstrap.py[0m in [0;36m_find_and_load[0;34m(name, import_)[0m

[0;32m/usr/lib/python3.10/importlib/_bootstrap.py[0m in [0;36m_find_and_load_unlocked[0;34m(name, import_)[0m

[0;32m/usr/lib/python3.10/importlib/_bootstrap.py[0m in [0;36m_call_with_frames_removed[0;34m(f, *args, **kwds)[0m

[0;32m/usr/lib/python3.10/importlib/_bootstrap.py[0m in [0;36m_gcd_import[0;34m(name, package, level)[0m

[0;32m/usr/lib/python3.10/importlib/_bootstrap.py[0m in [0;36m_find_and_load[0;34m(name, import_)[0m

[0;32m/usr/lib/python3.10/importlib/_bootstrap.py[0m in [0;36m_find_and_load_unlocked[0;34m(name, import_)[0m

[0;31mModuleNotFoundError[0m: No module named 'ipympl'

[0;31m---------------------------------------------------------------------------[0;32m
NOTE: If your import is failing due to a missing package, you can
manually install dependencies using either !pip or !apt.

To view examples of installing some common dependencies, click the
"Open Examples" button below.
[0;31m---------------------------------------------------------------------------[0m


